13d 14h 51m [Bot] Shedinja (Ninjask) evolved into a Shedinja! Ninjask (Shedinja) evolved into a Ninjask! /u/UpdaterNeeded
6 hours ago 13d 14h 50m [Bot] Shedinja (Ninjask) evolved into a Shedinja! Ninjask (Shedinja) evolved into a Ninjask! /u/UpdaterNeeded
6 hours ago 13d 14h 50m [Bot] Shedinja (Ninjask) evolved into a Shedinja! Ninjask (Shedinja) evolved into a Ninjask! /u/UpdaterNeeded
6 hours ago 13d 14h 50m [Bot] Shedinja (Ninjask) evolved into a Shedinja! Ninjask (Shedinja) evolved into a Ninjask! /u/UpdaterNeeded
6 hours ago 13d 14h 50m [Bot] Shedinja (Ninjask) evolved into a Shedinja! Ninjask (Shedinja) evolved into a Ninjask! /u/UpdaterNeeded
6 hours ago 13d 14h 49m [Bot] Dustox (Dustox) learned Psybeam over Venoshock! Shedinja (Ninjask) evolved into a Shedinja! Ninjask (Shedinja) evolved into a Ninjask! /u/UpdaterNeeded
6 hours ago 13d 14h 49m [Bot] Shedinja (Ninjask) evolved into a Shedinja! Ninjask (Shedinja) evolved into a Ninjask! /u/UpdaterNeeded
6 hours ago 13d 14h 49m [Bot] Dustox (Dustox) has grown to Level 22! Shedinja (Ninjask) evolved into a Shedinja! Ninjask (Shedinja) evolved into a Ninjask! /u/UpdaterNeeded
6 hours ago 13d 14h 49m [Bot] AAAAAAEEee (Gogoat) has grown to Level 113! Shedinja (Ninjask) evolved into a Shedinja! Ninjask (Shedinja) evolved into a Ninjask! /u/UpdaterNeeded
6 hours ago 13d 14h 48m [Bot] Shedinja (Ninjask) evolved into a Shedinja! Ninjask (Shedinja) evolved into a Ninjask! /u/UpdaterNeeded
6 hours ago 13d 14h 48m [Bot] Shedinja (Ninjask) evolved into a Shedinja! Ninjask (Shedinja) evolved into a Ninjask! /u/UpdaterNeeded
6 hours ago 13d 14h 48m [Bot] Shedinja (Ninjask) evolved into a Shedinja! Ninjask (Shedinja) evolved into a Ninjask! /u/UpdaterNeeded
6 hours ago 13d 14h 48m [Bot] Shedinja (Ninjask) evolved into a Shedinja! Ninjask (Shedinja) evolved into a Ninjask! /u/UpdaterNeeded
6 hours ago 13d 14h 47m [Bot] Shedinja (Ninjask) evolved into a Shedinja! Ninjask (Shedinja) evolved into a Ninjask! /u/UpdaterNeeded
6 hours ago 13d 14h 47m [Bot] Shedinja (Ninjask) evolved into a Shedinja! Ninjask (Shedinja) evolved into a Ninjask! /u/UpdaterNeeded
6 hours ago 13d 14h 47m [Bot] Shedinja (Ninjask) evolved into a Shedinja! Ninjask (Shedinja) evolved into a Ninjask! /u/UpdaterNeeded
7 hours ago 13d 14h 47m [Bot] Shedinja (Ninjask) evolved into a Shedinja! Ninjask (Shedinja) evolved into a Ninjask! /u/UpdaterNeeded
7 hours ago 13d 14h 46m [Bot] Shedinja (Ninjask) evolved into a Shedinja! Ninjask (Shedinja) evolved into a Ninjask! UU NNNHKXX (Mantine) has fainted! /u/UpdaterNeeded
7 hours ago 13d 14h 46m [Bot] Shedinja (Ninjask) evolved into a Shedinja! Ninjask (Shedinja) evolved into a Ninjask! /u/UpdaterNeeded
7 hours ago 13d 14h 46m [Bot] Shedinja (Ninjask) evolved into a Shedinja! Ninjask (Shedinja) evolved into a Ninjask! /u/UpdaterNeeded
7 hours ago 13d 14h 46m [Bot] Shedinja (Ninjask) evolved into a Shedinja! Ninjask (Shedinja) evolved into a Ninjask! /u/UpdaterNeeded
7 hours ago 13d 14h 45m [Bot] Shedinja (Ninjask) evolved into a Shedinja! Ninjask (Shedinja) evolved into a Ninjask! /u/UpdaterNeeded
7 hours ago 13d 14h 45m [Bot] Shedinja (Ninjask) evolved into a Shedinja! Ninjask (Shedinja) evolved into a Ninjask! /u/UpdaterNeeded
7 hours ago 13d 14h 45m [Bot] Shedinja (Ninjask) evolved into a Shedinja! Ninjask (Shedinja) evolved into a Ninjask! /u/UpdaterNeeded
7 hours ago 13d 14h 45m [Bot] Shedinja (Ninjask) evolved into a Shedinja! Ninjask (Shedinja) evolved into a Ninjask! /u/UpdaterNeeded
7 hours ago 13d 14h 44m [Bot] Ninjask (Ninjask) learned Screech over Double Team! Shedinja (Ninjask) evolved into a Shedinja, and learned Screech over Double Team! /u/UpdaterNeeded
7 hours ago 13d 14h 44m [Bot] Ninjask (Nincada) evolved into a Ninjask, and learned Double Team over Bug Bite! /u/UpdaterNeeded
7 hours ago 13d 14h 43m [Bot] Nincada (Nincada) has grown to Level 20! /u/UpdaterNeeded